#
# There is insufficient memory for the Java Runtime Environment to continue.
# Native memory allocation (mmap) failed to map 134217728 bytes for G1 virtual space
# Possible reasons:
#   The system is out of physical RAM or swap space
#   The process is running with CompressedOops enabled, and the Java Heap may be blocking the growth of the native heap
# Possible solutions:
#   Reduce memory load on the system
#   Increase physical memory or swap space
#   Check if swap backing store is full
#   Decrease Java heap size (-Xmx/-Xms)
#   Decrease number of Java threads
#   Decrease Java thread stack sizes (-Xss)
#   Set larger code cache with -XX:ReservedCodeCacheSize=
#   JVM is running with Unscaled Compressed Oops mode in which the Java heap is
#     placed in the first 4GB address space. The Java Heap base address is the
#     maximum limit for the native heap growth. Please use -XX:HeapBaseMinAddress
#     to set the Java Heap base and to place the Java Heap above 4GB virtual address.
# This output file may be truncated or incomplete.
#
#  Out of Memory Error (os_windows.cpp:3550), pid=8032, tid=6820
#
# JRE version:  (17.0.7+8) (build )
# Java VM: Java HotSpot(TM) 64-Bit Server VM (17.0.7+8-LTS-224, mixed mode, sharing, tiered, compressed oops, compressed class ptrs, g1 gc, windows-amd64)
# No core dump will be written. Minidumps are not enabled by default on client versions of Windows
#

---------------  S U M M A R Y ------------

Command Line: -Dnet.bytebuddy.agent.attacher.dump= net.bytebuddy.agent.Attacher com.sun.tools.attach.VirtualMachine 6684 C:\Users\admin\.m2\repository\net\bytebuddy\byte-buddy-agent\1.14.5\byte-buddy-agent-1.14.5.jar false 

Host: Intel(R) Core(TM) i5-8350U CPU @ 1.70GHz, 8 cores, 7G,  Windows 10 , 64 bit Build 19041 (10.0.19041.3031)
Time: Fri Jul  7 14:53:45 2023 Central Daylight Time elapsed time: 0.010747 seconds (0d 0h 0m 0s)

---------------  T H R E A D  ---------------

Current thread (0x000001a26cb4ee80):  JavaThread "Unknown thread" [_thread_in_vm, id=6820, stack(0x0000007926f00000,0x0000007927000000)]

Stack: [0x0000007926f00000,0x0000007927000000]
Native frames: (J=compiled Java code, j=interpreted, Vv=VM code, C=native code)
V  [jvm.dll+0x676a4a]
V  [jvm.dll+0x7d74f4]
V  [jvm.dll+0x7d8c9e]
V  [jvm.dll+0x7d9303]
V  [jvm.dll+0x2452c5]
V  [jvm.dll+0x6738f9]
V  [jvm.dll+0x668232]
V  [jvm.dll+0x302826]
V  [jvm.dll+0x309da6]
V  [jvm.dll+0x35952e]
V  [jvm.dll+0x35975f]
V  [jvm.dll+0x2d9a38]
V  [jvm.dll+0x2da9a4]
V  [jvm.dll+0x7a8fb1]
V  [jvm.dll+0x3670e1]
V  [jvm.dll+0x788359]
V  [jvm.dll+0x3ea5ef]
V  [jvm.dll+0x3ec071]
C  [jli.dll+0x5297]
C  [ucrtbase.dll+0x21bb2]
C  [KERNEL32.DLL+0x17614]
C  [ntdll.dll+0x526f1]


---------------  P R O C E S S  ---------------

Threads class SMR info:
_java_thread_list=0x00007ffdeda04998, length=0, elements={
}

Java Threads: ( => current thread )

Other Threads:
  0x000001a26cba8340 GCTaskThread "GC Thread#0" [stack: 0x0000007927000000,0x0000007927100000] [id=14016]
  0x000001a26cbb8ec0 ConcurrentGCThread "G1 Main Marker" [stack: 0x0000007927100000,0x0000007927200000] [id=12828]
  0x000001a26cbba8e0 ConcurrentGCThread "G1 Conc#0" [stack: 0x0000007927200000,0x0000007927300000] [id=1992]

[error occurred during error reporting (printing all threads), id 0xc0000005, EXCEPTION_ACCESS_VIOLATION (0xc0000005) at pc=0x00007ffded23a697]

VM state: not at safepoint (not fully initialized)

VM Mutex/Monitor currently owned by a thread:  ([mutex/lock_event])
[0x000001a26cb47880] Heap_lock - owner thread: 0x000001a26cb4ee80

Heap address: 0x0000000081e00000, size: 2018 MB, Compressed Oops mode: 32-bit

CDS archive(s) mapped at: [0x0000000000000000-0x0000000000000000-0x0000000000000000), size 0, SharedBaseAddress: 0x0000000800000000, ArchiveRelocationMode: 0.
Narrow klass base: 0x0000000000000000, Narrow klass shift: 0, Narrow klass range: 0x0

GC Precious Log:
<Empty>

Heap:
 garbage-first heap   total 0K, used 0K [0x0000000081e00000, 0x0000000100000000)
  region size 1024K, 0 young (0K), 0 survivors (0K)

[error occurred during error reporting (printing heap information), id 0xc0000005, EXCEPTION_ACCESS_VIOLATION (0xc0000005) at pc=0x00007ffded6200b9]

GC Heap History (0 events):
No events

Deoptimization events (0 events):
No events

Classes unloaded (0 events):
No events

Classes redefined (0 events):
No events

Internal exceptions (0 events):
No events

VM Operations (0 events):
No events

Events (1 events):
Event: 0.007 Loaded shared library C:\Program Files\Java\jdk-17\bin\java.dll


Dynamic libraries:
0x00007ff6b8920000 - 0x00007ff6b8930000 	C:\Program Files\Java\jdk-17\bin\java.exe
0x00007ffe48430000 - 0x00007ffe48628000 	C:\WINDOWS\SYSTEM32\ntdll.dll
0x00007ffe46570000 - 0x00007ffe4662f000 	C:\WINDOWS\System32\KERNEL32.DLL
0x00007ffe46040000 - 0x00007ffe46336000 	C:\WINDOWS\System32\KERNELBASE.dll
0x00007ffe45dc0000 - 0x00007ffe45ec0000 	C:\WINDOWS\System32\ucrtbase.dll
0x00007ffe36eb0000 - 0x00007ffe36ec9000 	C:\Program Files\Java\jdk-17\bin\jli.dll
0x00007ffe33f30000 - 0x00007ffe33f4b000 	C:\Program Files\Java\jdk-17\bin\VCRUNTIME140.dll
0x00007ffe46e50000 - 0x00007ffe46eff000 	C:\WINDOWS\System32\ADVAPI32.dll
0x00007ffe482e0000 - 0x00007ffe4837e000 	C:\WINDOWS\System32\msvcrt.dll
0x00007ffe48010000 - 0x00007ffe480ac000 	C:\WINDOWS\System32\sechost.dll
0x00007ffe47c60000 - 0x00007ffe47d86000 	C:\WINDOWS\System32\RPCRT4.dll
0x00007ffe47a60000 - 0x00007ffe47bfd000 	C:\WINDOWS\System32\USER32.dll
0x00007ffe31d80000 - 0x00007ffe3201a000 	C:\WINDOWS\WinSxS\amd64_microsoft.windows.common-controls_6595b64144ccf1df_6.0.19041.1110_none_60b5254171f9507e\COMCTL32.dll
0x00007ffe46460000 - 0x00007ffe46482000 	C:\WINDOWS\System32\win32u.dll
0x00007ffe47fe0000 - 0x00007ffe4800c000 	C:\WINDOWS\System32\GDI32.dll
0x00007ffe46340000 - 0x00007ffe46455000 	C:\WINDOWS\System32\gdi32full.dll
0x00007ffe45f10000 - 0x00007ffe45fad000 	C:\WINDOWS\System32\msvcp_win.dll
0x00007ffe3ea40000 - 0x00007ffe3ea4a000 	C:\WINDOWS\SYSTEM32\VERSION.dll
0x00007ffe46700000 - 0x00007ffe46730000 	C:\WINDOWS\System32\IMM32.DLL
0x00007ffe35380000 - 0x00007ffe3538c000 	C:\Program Files\Java\jdk-17\bin\vcruntime140_1.dll
0x00007ffe1aa80000 - 0x00007ffe1ab0e000 	C:\Program Files\Java\jdk-17\bin\msvcp140.dll
0x00007ffdecf50000 - 0x00007ffdedb2d000 	C:\Program Files\Java\jdk-17\bin\server\jvm.dll
0x00007ffe46de0000 - 0x00007ffe46de8000 	C:\WINDOWS\System32\PSAPI.DLL
0x00007ffe41610000 - 0x00007ffe41619000 	C:\WINDOWS\SYSTEM32\WSOCK32.dll
0x00007ffe2fcb0000 - 0x00007ffe2fcd7000 	C:\WINDOWS\SYSTEM32\WINMM.dll
0x00007ffe48380000 - 0x00007ffe483eb000 	C:\WINDOWS\System32\WS2_32.dll
0x00007ffe43980000 - 0x00007ffe43992000 	C:\WINDOWS\SYSTEM32\kernel.appcore.dll
0x00007ffe33f20000 - 0x00007ffe33f2a000 	C:\Program Files\Java\jdk-17\bin\jimage.dll
0x00007ffe3f050000 - 0x00007ffe3f234000 	C:\WINDOWS\SYSTEM32\DBGHELP.DLL
0x00007ffe31a00000 - 0x00007ffe31a34000 	C:\WINDOWS\SYSTEM32\dbgcore.DLL
0x00007ffe45fb0000 - 0x00007ffe46032000 	C:\WINDOWS\System32\bcryptPrimitives.dll
0x00007ffe236b0000 - 0x00007ffe236d5000 	C:\Program Files\Java\jdk-17\bin\java.dll

dbghelp: loaded successfully - version: 4.0.5 - missing functions: none
symbol engine: initialized successfully - sym options: 0x614 - pdb path: .;C:\Program Files\Java\jdk-17\bin;C:\WINDOWS\SYSTEM32;C:\WINDOWS\WinSxS\amd64_microsoft.windows.common-controls_6595b64144ccf1df_6.0.19041.1110_none_60b5254171f9507e;C:\Program Files\Java\jdk-17\bin\server

VM Arguments:
jvm_args: -Dnet.bytebuddy.agent.attacher.dump= 
java_command: net.bytebuddy.agent.Attacher com.sun.tools.attach.VirtualMachine 6684 C:\Users\admin\.m2\repository\net\bytebuddy\byte-buddy-agent\1.14.5\byte-buddy-agent-1.14.5.jar false 
java_class_path (initial): C:\Users\admin\.m2\repository\net\bytebuddy\byte-buddy-agent\1.14.5\byte-buddy-agent-1.14.5.jar
Launcher Type: SUN_STANDARD

[Global flags]
     intx CICompilerCount                          = 4                                         {product} {ergonomic}
     uint ConcGCThreads                            = 2                                         {product} {ergonomic}
     uint G1ConcRefinementThreads                  = 8                                         {product} {ergonomic}
   size_t G1HeapRegionSize                         = 1048576                                   {product} {ergonomic}
    uintx GCDrainStackTargetSize                   = 64                                        {product} {ergonomic}
   size_t InitialHeapSize                          = 134217728                                 {product} {ergonomic}
   size_t MarkStackSize                            = 4194304                                   {product} {ergonomic}
   size_t MaxHeapSize                              = 2116026368                                {product} {ergonomic}
   size_t MinHeapDeltaBytes                        = 1048576                                   {product} {ergonomic}
   size_t MinHeapSize                              = 8388608                                   {product} {ergonomic}
    uintx NonNMethodCodeHeapSize                   = 5839372                                {pd product} {ergonomic}
    uintx NonProfiledCodeHeapSize                  = 122909434                              {pd product} {ergonomic}
    uintx ProfiledCodeHeapSize                     = 122909434                              {pd product} {ergonomic}
    uintx ReservedCodeCacheSize                    = 251658240                              {pd product} {ergonomic}
     bool SegmentedCodeCache                       = true                                      {product} {ergonomic}
   size_t SoftMaxHeapSize                          = 2116026368                             {manageable} {ergonomic}
     bool UseCompressedClassPointers               = true                           {product lp64_product} {ergonomic}
     bool UseCompressedOops                        = true                           {product lp64_product} {ergonomic}
     bool UseG1GC                                  = true                                      {product} {ergonomic}
     bool UseLargePagesIndividualAllocation        = false                                  {pd product} {ergonomic}

Logging:
Log output configuration:
 #0: stdout all=warning uptime,level,tags
 #1: stderr all=off uptime,level,tags

Environment Variables:
JAVA_HOME=C:\Program Files\Java\jdk-17
PATH=C:\Program Files\Common Files\Oracle\Java\javapath;C:\Program Files (x86)\Common Files\Oracle\Java\javapath;C:\WINDOWS\system32;C:\WINDOWS;C:\WINDOWS\System32\Wbem;C:\WINDOWS\System32\WindowsPowerShell\v1.0\;C:\WINDOWS\System32\OpenSSH\;C:\Program Files\dotnet\;C:\Program Files\Git\cmd;C:\Program Files (x86)\nodejs\;C:\Program Files\apache-maven-3.9.1-bin\apache-maven-3.9.1;C:\Program Files\apache-maven-3.9.1-bin\apache-maven-3.9.1\bin;C:\Program Files\Java\jdk-17;C:\Users\admin\AppData\Local\Microsoft\WindowsApps;;C:\Users\admin\AppData\Local\Programs\Microsoft VS Code\bin;C:\Users\admin\AppData\Roaming\npm;C:\Program Files\JetBrains\IntelliJ IDEA 2023.1.1\bin;
USERNAME=admin
OS=Windows_NT
PROCESSOR_IDENTIFIER=Intel64 Family 6 Model 142 Stepping 10, GenuineIntel



---------------  S Y S T E M  ---------------

OS:
 Windows 10 , 64 bit Build 19041 (10.0.19041.3031)
OS uptime: 0 days 7:57 hours
Hyper-V role detected

CPU: total 8 (initial active 8) (4 cores per cpu, 2 threads per core) family 6 model 142 stepping 10 microcode 0xf0, cx8, cmov, fxsr, ht, mmx, 3dnowpref, sse, sse2, sse3, ssse3, sse4.1, sse4.2, popcnt, lzcnt, tsc, tscinvbit, avx, avx2, aes, erms, clmul, bmi1, bmi2, rtm, adx, fma, vzeroupper, clflush, clflushopt, hv

Memory: 4k page, system-wide physical 8067M (1221M free)
TotalPageFile size 9067M (AvailPageFile size 107M)
current process WorkingSet (physical memory assigned to process): 10M, peak: 10M
current process commit charge ("private bytes"): 60M, peak: 188M

vm_info: Java HotSpot(TM) 64-Bit Server VM (17.0.7+8-LTS-224) for windows-amd64 JRE (17.0.7+8-LTS-224), built on Feb 28 2023 23:03:02 by "mach5one" with MS VC++ 17.1 (VS2022)

END.
