#
# There is insufficient memory for the Java Runtime Environment to continue.
# Native memory allocation (mmap) failed to map 134217728 bytes for G1 virtual space
# Possible reasons:
#   The system is out of physical RAM or swap space
#   The process is running with CompressedOops enabled, and the Java Heap may be blocking the growth of the native heap
# Possible solutions:
#   Reduce memory load on the system
#   Increase physical memory or swap space
#   Check if swap backing store is full
#   Decrease Java heap size (-Xmx/-Xms)
#   Decrease number of Java threads
#   Decrease Java thread stack sizes (-Xss)
#   Set larger code cache with -XX:ReservedCodeCacheSize=
#   JVM is running with Unscaled Compressed Oops mode in which the Java heap is
#     placed in the first 4GB address space. The Java Heap base address is the
#     maximum limit for the native heap growth. Please use -XX:HeapBaseMinAddress
#     to set the Java Heap base and to place the Java Heap above 4GB virtual address.
# This output file may be truncated or incomplete.
#
#  Out of Memory Error (os_windows.cpp:3550), pid=8372, tid=11032
#
# JRE version:  (17.0.7+8) (build )
# Java VM: Java HotSpot(TM) 64-Bit Server VM (17.0.7+8-LTS-224, mixed mode, sharing, tiered, compressed oops, compressed class ptrs, g1 gc, windows-amd64)
# No core dump will be written. Minidumps are not enabled by default on client versions of Windows
#

---------------  S U M M A R Y ------------

Command Line: -Dnet.bytebuddy.agent.attacher.dump= net.bytebuddy.agent.Attacher com.sun.tools.attach.VirtualMachine 13664 C:\Users\admin\.m2\repository\net\bytebuddy\byte-buddy-agent\1.14.5\byte-buddy-agent-1.14.5.jar false 

Host: Intel(R) Core(TM) i5-8350U CPU @ 1.70GHz, 8 cores, 7G,  Windows 10 , 64 bit Build 19041 (10.0.19041.3031)
Time: Wed Jul  5 23:00:32 2023 Central Daylight Time elapsed time: 0.012085 seconds (0d 0h 0m 0s)

---------------  T H R E A D  ---------------

Current thread (0x000002089d5edae0):  JavaThread "Unknown thread" [_thread_in_vm, id=11032, stack(0x000000d2c2100000,0x000000d2c2200000)]

Stack: [0x000000d2c2100000,0x000000d2c2200000]
Native frames: (J=compiled Java code, j=interpreted, Vv=VM code, C=native code)
V  [jvm.dll+0x676a4a]
V  [jvm.dll+0x7d74f4]
V  [jvm.dll+0x7d8c9e]
V  [jvm.dll+0x7d9303]
V  [jvm.dll+0x2452c5]
V  [jvm.dll+0x6738f9]
V  [jvm.dll+0x668232]
V  [jvm.dll+0x302826]
V  [jvm.dll+0x309da6]
V  [jvm.dll+0x35952e]
V  [jvm.dll+0x35975f]
V  [jvm.dll+0x2d9a38]
V  [jvm.dll+0x2da9a4]
V  [jvm.dll+0x7a8fb1]
V  [jvm.dll+0x3670e1]
V  [jvm.dll+0x788359]
V  [jvm.dll+0x3ea5ef]
V  [jvm.dll+0x3ec071]
C  [jli.dll+0x5297]
C  [ucrtbase.dll+0x21bb2]
C  [KERNEL32.DLL+0x17614]
C  [ntdll.dll+0x526f1]


---------------  P R O C E S S  ---------------

Threads class SMR info:
_java_thread_list=0x00007ff8de434998, length=0, elements={
}

Java Threads: ( => current thread )

Other Threads:
  0x000002089d6480b0 GCTaskThread "GC Thread#0" [stack: 0x000000d2c2200000,0x000000d2c2300000] [id=3876]
  0x000002089d658c30 ConcurrentGCThread "G1 Main Marker" [stack: 0x000000d2c2300000,0x000000d2c2400000] [id=8396]
  0x000002089d65be00 ConcurrentGCThread "G1 Conc#0" [stack: 0x000000d2c2400000,0x000000d2c2500000] [id=1592]

[error occurred during error reporting (printing all threads), id 0xc0000005, EXCEPTION_ACCESS_VIOLATION (0xc0000005) at pc=0x00007ff8ddc6a697]

VM state: not at safepoint (not fully initialized)

VM Mutex/Monitor currently owned by a thread:  ([mutex/lock_event])
[0x000002089d5e8600] Heap_lock - owner thread: 0x000002089d5edae0

Heap address: 0x0000000081e00000, size: 2018 MB, Compressed Oops mode: 32-bit

CDS archive(s) mapped at: [0x0000000000000000-0x0000000000000000-0x0000000000000000), size 0, SharedBaseAddress: 0x0000000800000000, ArchiveRelocationMode: 0.
Narrow klass base: 0x0000000000000000, Narrow klass shift: 0, Narrow klass range: 0x0

GC Precious Log:
<Empty>

Heap:
 garbage-first heap   total 0K, used 0K [0x0000000081e00000, 0x0000000100000000)
  region size 1024K, 0 young (0K), 0 survivors (0K)

[error occurred during error reporting (printing heap information), id 0xc0000005, EXCEPTION_ACCESS_VIOLATION (0xc0000005) at pc=0x00007ff8de0500b9]

GC Heap History (0 events):
No events

Deoptimization events (0 events):
No events

Classes unloaded (0 events):
No events

Classes redefined (0 events):
No events

Internal exceptions (0 events):
No events

VM Operations (0 events):
No events

Events (1 events):
Event: 0.007 Loaded shared library C:\Program Files\Java\jdk-17\bin\java.dll


Dynamic libraries:
0x00007ff6232c0000 - 0x00007ff6232d0000 	C:\Program Files\Java\jdk-17\bin\java.exe
0x00007ff935f30000 - 0x00007ff936128000 	C:\WINDOWS\SYSTEM32\ntdll.dll
0x00007ff934040000 - 0x00007ff9340ff000 	C:\WINDOWS\System32\KERNEL32.DLL
0x00007ff933b90000 - 0x00007ff933e86000 	C:\WINDOWS\System32\KERNELBASE.dll
0x00007ff933e90000 - 0x00007ff933f90000 	C:\WINDOWS\System32\ucrtbase.dll
0x00007ff92b980000 - 0x00007ff92b999000 	C:\Program Files\Java\jdk-17\bin\jli.dll
0x00007ff92bc90000 - 0x00007ff92bcab000 	C:\Program Files\Java\jdk-17\bin\VCRUNTIME140.dll
0x00007ff933f90000 - 0x00007ff93403f000 	C:\WINDOWS\System32\ADVAPI32.dll
0x00007ff934100000 - 0x00007ff93419e000 	C:\WINDOWS\System32\msvcrt.dll
0x00007ff9344d0000 - 0x00007ff93456c000 	C:\WINDOWS\System32\sechost.dll
0x00007ff934a70000 - 0x00007ff934b96000 	C:\WINDOWS\System32\RPCRT4.dll
0x00007ff935040000 - 0x00007ff9351dd000 	C:\WINDOWS\System32\USER32.dll
0x00007ff917100000 - 0x00007ff91739a000 	C:\WINDOWS\WinSxS\amd64_microsoft.windows.common-controls_6595b64144ccf1df_6.0.19041.1110_none_60b5254171f9507e\COMCTL32.dll
0x00007ff933b30000 - 0x00007ff933b52000 	C:\WINDOWS\System32\win32u.dll
0x00007ff935540000 - 0x00007ff93556c000 	C:\WINDOWS\System32\GDI32.dll
0x00007ff9337b0000 - 0x00007ff9338c5000 	C:\WINDOWS\System32\gdi32full.dll
0x00007ff9336c0000 - 0x00007ff93375d000 	C:\WINDOWS\System32\msvcp_win.dll
0x00007ff92c900000 - 0x00007ff92c90a000 	C:\WINDOWS\SYSTEM32\VERSION.dll
0x00007ff9341a0000 - 0x00007ff9341d0000 	C:\WINDOWS\System32\IMM32.DLL
0x00007ff92dac0000 - 0x00007ff92dacc000 	C:\Program Files\Java\jdk-17\bin\vcruntime140_1.dll
0x00007ff902760000 - 0x00007ff9027ee000 	C:\Program Files\Java\jdk-17\bin\msvcp140.dll
0x00007ff8dd980000 - 0x00007ff8de55d000 	C:\Program Files\Java\jdk-17\bin\server\jvm.dll
0x00007ff934cb0000 - 0x00007ff934cb8000 	C:\WINDOWS\System32\PSAPI.DLL
0x00007ff92dba0000 - 0x00007ff92dba9000 	C:\WINDOWS\SYSTEM32\WSOCK32.dll
0x00007ff91b8d0000 - 0x00007ff91b8f7000 	C:\WINDOWS\SYSTEM32\WINMM.dll
0x00007ff9341d0000 - 0x00007ff93423b000 	C:\WINDOWS\System32\WS2_32.dll
0x00007ff931e10000 - 0x00007ff931e22000 	C:\WINDOWS\SYSTEM32\kernel.appcore.dll
0x00007ff91d710000 - 0x00007ff91d71a000 	C:\Program Files\Java\jdk-17\bin\jimage.dll
0x00007ff931450000 - 0x00007ff931634000 	C:\WINDOWS\SYSTEM32\DBGHELP.DLL
0x00007ff91b900000 - 0x00007ff91b934000 	C:\WINDOWS\SYSTEM32\dbgcore.DLL
0x00007ff933aa0000 - 0x00007ff933b22000 	C:\WINDOWS\System32\bcryptPrimitives.dll
0x00007ff9180f0000 - 0x00007ff918115000 	C:\Program Files\Java\jdk-17\bin\java.dll

dbghelp: loaded successfully - version: 4.0.5 - missing functions: none
symbol engine: initialized successfully - sym options: 0x614 - pdb path: .;C:\Program Files\Java\jdk-17\bin;C:\WINDOWS\SYSTEM32;C:\WINDOWS\WinSxS\amd64_microsoft.windows.common-controls_6595b64144ccf1df_6.0.19041.1110_none_60b5254171f9507e;C:\Program Files\Java\jdk-17\bin\server

VM Arguments:
jvm_args: -Dnet.bytebuddy.agent.attacher.dump= 
java_command: net.bytebuddy.agent.Attacher com.sun.tools.attach.VirtualMachine 13664 C:\Users\admin\.m2\repository\net\bytebuddy\byte-buddy-agent\1.14.5\byte-buddy-agent-1.14.5.jar false 
java_class_path (initial): C:\Users\admin\.m2\repository\net\bytebuddy\byte-buddy-agent\1.14.5\byte-buddy-agent-1.14.5.jar
Launcher Type: SUN_STANDARD

[Global flags]
     intx CICompilerCount                          = 4                                         {product} {ergonomic}
     uint ConcGCThreads                            = 2                                         {product} {ergonomic}
     uint G1ConcRefinementThreads                  = 8                                         {product} {ergonomic}
   size_t G1HeapRegionSize                         = 1048576                                   {product} {ergonomic}
    uintx GCDrainStackTargetSize                   = 64                                        {product} {ergonomic}
   size_t InitialHeapSize                          = 134217728                                 {product} {ergonomic}
   size_t MarkStackSize                            = 4194304                                   {product} {ergonomic}
   size_t MaxHeapSize                              = 2116026368                                {product} {ergonomic}
   size_t MinHeapDeltaBytes                        = 1048576                                   {product} {ergonomic}
   size_t MinHeapSize                              = 8388608                                   {product} {ergonomic}
    uintx NonNMethodCodeHeapSize                   = 5839372                                {pd product} {ergonomic}
    uintx NonProfiledCodeHeapSize                  = 122909434                              {pd product} {ergonomic}
    uintx ProfiledCodeHeapSize                     = 122909434                              {pd product} {ergonomic}
    uintx ReservedCodeCacheSize                    = 251658240                              {pd product} {ergonomic}
     bool SegmentedCodeCache                       = true                                      {product} {ergonomic}
   size_t SoftMaxHeapSize                          = 2116026368                             {manageable} {ergonomic}
     bool UseCompressedClassPointers               = true                           {product lp64_product} {ergonomic}
     bool UseCompressedOops                        = true                           {product lp64_product} {ergonomic}
     bool UseG1GC                                  = true                                      {product} {ergonomic}
     bool UseLargePagesIndividualAllocation        = false                                  {pd product} {ergonomic}

Logging:
Log output configuration:
 #0: stdout all=warning uptime,level,tags
 #1: stderr all=off uptime,level,tags

Environment Variables:
JAVA_HOME=C:\Program Files\Java\jdk-17
PATH=C:\Program Files\Common Files\Oracle\Java\javapath;C:\Program Files (x86)\Common Files\Oracle\Java\javapath;C:\WINDOWS\system32;C:\WINDOWS;C:\WINDOWS\System32\Wbem;C:\WINDOWS\System32\WindowsPowerShell\v1.0\;C:\WINDOWS\System32\OpenSSH\;C:\Program Files\dotnet\;C:\Program Files\Git\cmd;C:\Program Files (x86)\nodejs\;C:\Program Files\apache-maven-3.9.1-bin\apache-maven-3.9.1;C:\Program Files\apache-maven-3.9.1-bin\apache-maven-3.9.1\bin;C:\Program Files\Java\jdk-17;C:\Users\admin\AppData\Local\Microsoft\WindowsApps;;C:\Users\admin\AppData\Local\Programs\Microsoft VS Code\bin;C:\Users\admin\AppData\Roaming\npm;C:\Program Files\JetBrains\IntelliJ IDEA 2023.1.1\bin;
USERNAME=admin
OS=Windows_NT
PROCESSOR_IDENTIFIER=Intel64 Family 6 Model 142 Stepping 10, GenuineIntel



---------------  S Y S T E M  ---------------

OS:
 Windows 10 , 64 bit Build 19041 (10.0.19041.3031)
OS uptime: 0 days 5:49 hours
Hyper-V role detected

CPU: total 8 (initial active 8) (4 cores per cpu, 2 threads per core) family 6 model 142 stepping 10 microcode 0xf0, cx8, cmov, fxsr, ht, mmx, 3dnowpref, sse, sse2, sse3, ssse3, sse4.1, sse4.2, popcnt, lzcnt, tsc, tscinvbit, avx, avx2, aes, erms, clmul, bmi1, bmi2, rtm, adx, fma, vzeroupper, clflush, clflushopt, hv

Memory: 4k page, system-wide physical 8067M (1071M free)
TotalPageFile size 9067M (AvailPageFile size 62M)
current process WorkingSet (physical memory assigned to process): 10M, peak: 10M
current process commit charge ("private bytes"): 60M, peak: 188M

vm_info: Java HotSpot(TM) 64-Bit Server VM (17.0.7+8-LTS-224) for windows-amd64 JRE (17.0.7+8-LTS-224), built on Feb 28 2023 23:03:02 by "mach5one" with MS VC++ 17.1 (VS2022)

END.
